<?xml version="1.0" encoding="UTF-8"?>
<testsuite xmlns:xsi="http://www.w3.org/2001/XMLSchema-instance" xsi:noNamespaceSchemaLocation="https://maven.apache.org/surefire/maven-surefire-plugin/xsd/surefire-test-report-3.0.xsd" version="3.0" name="edu.iit.sat.itmd4515.csule1.ChildJPATest" time="24.273" tests="6" errors="0" skipped="0" failures="0">
  <properties>
    <property name="netbeans.deploy" value="true"/>
    <property name="java.specification.version" value="17"/>
    <property name="sun.cpu.isalist" value="amd64"/>
    <property name="sun.jnu.encoding" value="Cp1252"/>
    <property name="java.class.path" value="C:\Users\SNOOKUMS\Downloads\csule1-fp\csule1-fp\target\test-classes;C:\Users\SNOOKUMS\Downloads\csule1-fp\csule1-fp\target\classes;C:\Users\SNOOKUMS\.m2\repository\jakarta\platform\jakarta.jakartaee-api\10.0.0\jakarta.jakartaee-api-10.0.0.jar;C:\Users\SNOOKUMS\.m2\repository\jakarta\platform\jakarta.jakartaee-web-api\10.0.0\jakarta.jakartaee-web-api-10.0.0.jar;C:\Users\SNOOKUMS\.m2\repository\jakarta\servlet\jakarta.servlet-api\6.0.0\jakarta.servlet-api-6.0.0.jar;C:\Users\SNOOKUMS\.m2\repository\jakarta\servlet\jsp\jakarta.servlet.jsp-api\3.1.0\jakarta.servlet.jsp-api-3.1.0.jar;C:\Users\SNOOKUMS\.m2\repository\jakarta\servlet\jsp\jstl\jakarta.servlet.jsp.jstl-api\3.0.0\jakarta.servlet.jsp.jstl-api-3.0.0.jar;C:\Users\SNOOKUMS\.m2\repository\jakarta\faces\jakarta.faces-api\4.0.1\jakarta.faces-api-4.0.1.jar;C:\Users\SNOOKUMS\.m2\repository\jakarta\ws\rs\jakarta.ws.rs-api\3.1.0\jakarta.ws.rs-api-3.1.0.jar;C:\Users\SNOOKUMS\.m2\repository\jakarta\websocket\jakarta.websocket-api\2.1.0\jakarta.websocket-api-2.1.0.jar;C:\Users\SNOOKUMS\.m2\repository\jakarta\websocket\jakarta.websocket-client-api\2.1.0\jakarta.websocket-client-api-2.1.0.jar;C:\Users\SNOOKUMS\.m2\repository\jakarta\json\jakarta.json-api\2.1.0\jakarta.json-api-2.1.0.jar;C:\Users\SNOOKUMS\.m2\repository\jakarta\json\bind\jakarta.json.bind-api\3.0.0\jakarta.json.bind-api-3.0.0.jar;C:\Users\SNOOKUMS\.m2\repository\jakarta\annotation\jakarta.annotation-api\2.1.1\jakarta.annotation-api-2.1.1.jar;C:\Users\SNOOKUMS\.m2\repository\jakarta\ejb\jakarta.ejb-api\4.0.1\jakarta.ejb-api-4.0.1.jar;C:\Users\SNOOKUMS\.m2\repository\jakarta\transaction\jakarta.transaction-api\2.0.1\jakarta.transaction-api-2.0.1.jar;C:\Users\SNOOKUMS\.m2\repository\jakarta\interceptor\jakarta.interceptor-api\2.1.0\jakarta.interceptor-api-2.1.0.jar;C:\Users\SNOOKUMS\.m2\repository\jakarta\enterprise\jakarta.enterprise.cdi-api\4.0.1\jakarta.enterprise.cdi-api-4.0.1.jar;C:\Users\SNOOKUMS\.m2\repository\jakarta\enterprise\jakarta.enterprise.lang-model\4.0.1\jakarta.enterprise.lang-model-4.0.1.jar;C:\Users\SNOOKUMS\.m2\repository\jakarta\inject\jakarta.inject-api\2.0.1\jakarta.inject-api-2.0.1.jar;C:\Users\SNOOKUMS\.m2\repository\jakarta\authentication\jakarta.authentication-api\3.0.0\jakarta.authentication-api-3.0.0.jar;C:\Users\SNOOKUMS\.m2\repository\jakarta\security\enterprise\jakarta.security.enterprise-api\3.0.0\jakarta.security.enterprise-api-3.0.0.jar;C:\Users\SNOOKUMS\.m2\repository\jakarta\jms\jakarta.jms-api\3.1.0\jakarta.jms-api-3.1.0.jar;C:\Users\SNOOKUMS\.m2\repository\jakarta\activation\jakarta.activation-api\2.1.0\jakarta.activation-api-2.1.0.jar;C:\Users\SNOOKUMS\.m2\repository\jakarta\mail\jakarta.mail-api\2.1.0\jakarta.mail-api-2.1.0.jar;C:\Users\SNOOKUMS\.m2\repository\jakarta\resource\jakarta.resource-api\2.1.0\jakarta.resource-api-2.1.0.jar;C:\Users\SNOOKUMS\.m2\repository\jakarta\authorization\jakarta.authorization-api\2.1.0\jakarta.authorization-api-2.1.0.jar;C:\Users\SNOOKUMS\.m2\repository\jakarta\batch\jakarta.batch-api\2.1.1\jakarta.batch-api-2.1.1.jar;C:\Users\SNOOKUMS\.m2\repository\com\mysql\mysql-connector-j\8.0.33\mysql-connector-j-8.0.33.jar;C:\Users\SNOOKUMS\.m2\repository\com\google\protobuf\protobuf-java\3.21.9\protobuf-java-3.21.9.jar;C:\Users\SNOOKUMS\.m2\repository\org\eclipse\persistence\org.eclipse.persistence.jpa\4.0.5\org.eclipse.persistence.jpa-4.0.5.jar;C:\Users\SNOOKUMS\.m2\repository\org\eclipse\persistence\org.eclipse.persistence.asm\9.7.1\org.eclipse.persistence.asm-9.7.1.jar;C:\Users\SNOOKUMS\.m2\repository\org\eclipse\persistence\org.eclipse.persistence.core\4.0.5\org.eclipse.persistence.core-4.0.5.jar;C:\Users\SNOOKUMS\.m2\repository\org\eclipse\persistence\org.eclipse.persistence.jpa.jpql\4.0.5\org.eclipse.persistence.jpa.jpql-4.0.5.jar;C:\Users\SNOOKUMS\.m2\repository\jakarta\persistence\jakarta.persistence-api\3.1.0\jakarta.persistence-api-3.1.0.jar;C:\Users\SNOOKUMS\.m2\repository\org\junit\jupiter\junit-jupiter-engine\5.11.4\junit-jupiter-engine-5.11.4.jar;C:\Users\SNOOKUMS\.m2\repository\org\junit\platform\junit-platform-engine\1.11.4\junit-platform-engine-1.11.4.jar;C:\Users\SNOOKUMS\.m2\repository\org\opentest4j\opentest4j\1.3.0\opentest4j-1.3.0.jar;C:\Users\SNOOKUMS\.m2\repository\org\junit\platform\junit-platform-commons\1.11.4\junit-platform-commons-1.11.4.jar;C:\Users\SNOOKUMS\.m2\repository\org\junit\jupiter\junit-jupiter-api\5.11.4\junit-jupiter-api-5.11.4.jar;C:\Users\SNOOKUMS\.m2\repository\org\apiguardian\apiguardian-api\1.1.2\apiguardian-api-1.1.2.jar;C:\Users\SNOOKUMS\.m2\repository\org\hibernate\validator\hibernate-validator\8.0.2.Final\hibernate-validator-8.0.2.Final.jar;C:\Users\SNOOKUMS\.m2\repository\jakarta\validation\jakarta.validation-api\3.0.2\jakarta.validation-api-3.0.2.jar;C:\Users\SNOOKUMS\.m2\repository\org\jboss\logging\jboss-logging\3.4.3.Final\jboss-logging-3.4.3.Final.jar;C:\Users\SNOOKUMS\.m2\repository\com\fasterxml\classmate\1.5.1\classmate-1.5.1.jar;C:\Users\SNOOKUMS\.m2\repository\org\glassfish\expressly\expressly\5.0.0\expressly-5.0.0.jar;C:\Users\SNOOKUMS\.m2\repository\jakarta\el\jakarta.el-api\5.0.0\jakarta.el-api-5.0.0.jar;C:\Users\SNOOKUMS\.m2\repository\org\hibernate\validator\hibernate-validator-cdi\8.0.2.Final\hibernate-validator-cdi-8.0.2.Final.jar;"/>
    <property name="java.vm.vendor" value="Oracle Corporation"/>
    <property name="sun.arch.data.model" value="64"/>
    <property name="user.variant" value=""/>
    <property name="exec.appArgs" value=""/>
    <property name="java.vendor.url" value="https://java.oracle.com/"/>
    <property name="user.timezone" value="Africa/Nairobi"/>
    <property name="os.name" value="Windows 11"/>
    <property name="java.vm.specification.version" value="17"/>
    <property name="user.country" value="US"/>
    <property name="sun.java.launcher" value="SUN_STANDARD"/>
    <property name="sun.boot.library.path" value="C:\Program Files\Java\jdk-17\bin"/>
    <property name="sun.java.command" value="C:\Users\SNOOKUMS\AppData\Local\Temp\surefire7572991152567685465\surefirebooter-20250427025756035_3.jar C:\Users\SNOOKUMS\AppData\Local\Temp\surefire7572991152567685465 2025-04-27T02-57-55_496-jvmRun1 surefire-20250427025756035_1tmp surefire_0-20250427025756035_2tmp"/>
    <property name="jdk.debug" value="release"/>
    <property name="exec.vmArgs" value=""/>
    <property name="surefire.test.class.path" value="C:\Users\SNOOKUMS\Downloads\csule1-fp\csule1-fp\target\test-classes;C:\Users\SNOOKUMS\Downloads\csule1-fp\csule1-fp\target\classes;C:\Users\SNOOKUMS\.m2\repository\jakarta\platform\jakarta.jakartaee-api\10.0.0\jakarta.jakartaee-api-10.0.0.jar;C:\Users\SNOOKUMS\.m2\repository\jakarta\platform\jakarta.jakartaee-web-api\10.0.0\jakarta.jakartaee-web-api-10.0.0.jar;C:\Users\SNOOKUMS\.m2\repository\jakarta\servlet\jakarta.servlet-api\6.0.0\jakarta.servlet-api-6.0.0.jar;C:\Users\SNOOKUMS\.m2\repository\jakarta\servlet\jsp\jakarta.servlet.jsp-api\3.1.0\jakarta.servlet.jsp-api-3.1.0.jar;C:\Users\SNOOKUMS\.m2\repository\jakarta\servlet\jsp\jstl\jakarta.servlet.jsp.jstl-api\3.0.0\jakarta.servlet.jsp.jstl-api-3.0.0.jar;C:\Users\SNOOKUMS\.m2\repository\jakarta\faces\jakarta.faces-api\4.0.1\jakarta.faces-api-4.0.1.jar;C:\Users\SNOOKUMS\.m2\repository\jakarta\ws\rs\jakarta.ws.rs-api\3.1.0\jakarta.ws.rs-api-3.1.0.jar;C:\Users\SNOOKUMS\.m2\repository\jakarta\websocket\jakarta.websocket-api\2.1.0\jakarta.websocket-api-2.1.0.jar;C:\Users\SNOOKUMS\.m2\repository\jakarta\websocket\jakarta.websocket-client-api\2.1.0\jakarta.websocket-client-api-2.1.0.jar;C:\Users\SNOOKUMS\.m2\repository\jakarta\json\jakarta.json-api\2.1.0\jakarta.json-api-2.1.0.jar;C:\Users\SNOOKUMS\.m2\repository\jakarta\json\bind\jakarta.json.bind-api\3.0.0\jakarta.json.bind-api-3.0.0.jar;C:\Users\SNOOKUMS\.m2\repository\jakarta\annotation\jakarta.annotation-api\2.1.1\jakarta.annotation-api-2.1.1.jar;C:\Users\SNOOKUMS\.m2\repository\jakarta\ejb\jakarta.ejb-api\4.0.1\jakarta.ejb-api-4.0.1.jar;C:\Users\SNOOKUMS\.m2\repository\jakarta\transaction\jakarta.transaction-api\2.0.1\jakarta.transaction-api-2.0.1.jar;C:\Users\SNOOKUMS\.m2\repository\jakarta\interceptor\jakarta.interceptor-api\2.1.0\jakarta.interceptor-api-2.1.0.jar;C:\Users\SNOOKUMS\.m2\repository\jakarta\enterprise\jakarta.enterprise.cdi-api\4.0.1\jakarta.enterprise.cdi-api-4.0.1.jar;C:\Users\SNOOKUMS\.m2\repository\jakarta\enterprise\jakarta.enterprise.lang-model\4.0.1\jakarta.enterprise.lang-model-4.0.1.jar;C:\Users\SNOOKUMS\.m2\repository\jakarta\inject\jakarta.inject-api\2.0.1\jakarta.inject-api-2.0.1.jar;C:\Users\SNOOKUMS\.m2\repository\jakarta\authentication\jakarta.authentication-api\3.0.0\jakarta.authentication-api-3.0.0.jar;C:\Users\SNOOKUMS\.m2\repository\jakarta\security\enterprise\jakarta.security.enterprise-api\3.0.0\jakarta.security.enterprise-api-3.0.0.jar;C:\Users\SNOOKUMS\.m2\repository\jakarta\jms\jakarta.jms-api\3.1.0\jakarta.jms-api-3.1.0.jar;C:\Users\SNOOKUMS\.m2\repository\jakarta\activation\jakarta.activation-api\2.1.0\jakarta.activation-api-2.1.0.jar;C:\Users\SNOOKUMS\.m2\repository\jakarta\mail\jakarta.mail-api\2.1.0\jakarta.mail-api-2.1.0.jar;C:\Users\SNOOKUMS\.m2\repository\jakarta\resource\jakarta.resource-api\2.1.0\jakarta.resource-api-2.1.0.jar;C:\Users\SNOOKUMS\.m2\repository\jakarta\authorization\jakarta.authorization-api\2.1.0\jakarta.authorization-api-2.1.0.jar;C:\Users\SNOOKUMS\.m2\repository\jakarta\batch\jakarta.batch-api\2.1.1\jakarta.batch-api-2.1.1.jar;C:\Users\SNOOKUMS\.m2\repository\com\mysql\mysql-connector-j\8.0.33\mysql-connector-j-8.0.33.jar;C:\Users\SNOOKUMS\.m2\repository\com\google\protobuf\protobuf-java\3.21.9\protobuf-java-3.21.9.jar;C:\Users\SNOOKUMS\.m2\repository\org\eclipse\persistence\org.eclipse.persistence.jpa\4.0.5\org.eclipse.persistence.jpa-4.0.5.jar;C:\Users\SNOOKUMS\.m2\repository\org\eclipse\persistence\org.eclipse.persistence.asm\9.7.1\org.eclipse.persistence.asm-9.7.1.jar;C:\Users\SNOOKUMS\.m2\repository\org\eclipse\persistence\org.eclipse.persistence.core\4.0.5\org.eclipse.persistence.core-4.0.5.jar;C:\Users\SNOOKUMS\.m2\repository\org\eclipse\persistence\org.eclipse.persistence.jpa.jpql\4.0.5\org.eclipse.persistence.jpa.jpql-4.0.5.jar;C:\Users\SNOOKUMS\.m2\repository\jakarta\persistence\jakarta.persistence-api\3.1.0\jakarta.persistence-api-3.1.0.jar;C:\Users\SNOOKUMS\.m2\repository\org\junit\jupiter\junit-jupiter-engine\5.11.4\junit-jupiter-engine-5.11.4.jar;C:\Users\SNOOKUMS\.m2\repository\org\junit\platform\junit-platform-engine\1.11.4\junit-platform-engine-1.11.4.jar;C:\Users\SNOOKUMS\.m2\repository\org\opentest4j\opentest4j\1.3.0\opentest4j-1.3.0.jar;C:\Users\SNOOKUMS\.m2\repository\org\junit\platform\junit-platform-commons\1.11.4\junit-platform-commons-1.11.4.jar;C:\Users\SNOOKUMS\.m2\repository\org\junit\jupiter\junit-jupiter-api\5.11.4\junit-jupiter-api-5.11.4.jar;C:\Users\SNOOKUMS\.m2\repository\org\apiguardian\apiguardian-api\1.1.2\apiguardian-api-1.1.2.jar;C:\Users\SNOOKUMS\.m2\repository\org\hibernate\validator\hibernate-validator\8.0.2.Final\hibernate-validator-8.0.2.Final.jar;C:\Users\SNOOKUMS\.m2\repository\jakarta\validation\jakarta.validation-api\3.0.2\jakarta.validation-api-3.0.2.jar;C:\Users\SNOOKUMS\.m2\repository\org\jboss\logging\jboss-logging\3.4.3.Final\jboss-logging-3.4.3.Final.jar;C:\Users\SNOOKUMS\.m2\repository\com\fasterxml\classmate\1.5.1\classmate-1.5.1.jar;C:\Users\SNOOKUMS\.m2\repository\org\glassfish\expressly\expressly\5.0.0\expressly-5.0.0.jar;C:\Users\SNOOKUMS\.m2\repository\jakarta\el\jakarta.el-api\5.0.0\jakarta.el-api-5.0.0.jar;C:\Users\SNOOKUMS\.m2\repository\org\hibernate\validator\hibernate-validator-cdi\8.0.2.Final\hibernate-validator-cdi-8.0.2.Final.jar;"/>
    <property name="sun.cpu.endian" value="little"/>
    <property name="user.home" value="C:\Users\SNOOKUMS"/>
    <property name="user.language" value="en"/>
    <property name="java.specification.vendor" value="Oracle Corporation"/>
    <property name="java.version.date" value="2024-07-16"/>
    <property name="java.home" value="C:\Program Files\Java\jdk-17"/>
    <property name="file.separator" value="\"/>
    <property name="basedir" value="C:\Users\SNOOKUMS\Downloads\csule1-fp\csule1-fp"/>
    <property name="java.vm.compressedOopsMode" value="Zero based"/>
    <property name="line.separator" value="&#10;"/>
    <property name="java.vm.specification.vendor" value="Oracle Corporation"/>
    <property name="java.specification.name" value="Java Platform API Specification"/>
    <property name="surefire.real.class.path" value="C:\Users\SNOOKUMS\AppData\Local\Temp\surefire7572991152567685465\surefirebooter-20250427025756035_3.jar"/>
    <property name="user.script" value=""/>
    <property name="sun.management.compiler" value="HotSpot 64-Bit Tiered Compilers"/>
    <property name="java.runtime.version" value="17.0.12+8-LTS-286"/>
    <property name="user.name" value="SNOOKUMS"/>
    <property name="path.separator" value=";"/>
    <property name="os.version" value="10.0"/>
    <property name="java.runtime.name" value="Java(TM) SE Runtime Environment"/>
    <property name="file.encoding" value="Cp1252"/>
    <property name="java.vm.name" value="Java HotSpot(TM) 64-Bit Server VM"/>
    <property name="maven.ext.class.path" value="C:\Program Files\NetBeans-24\netbeans\java\maven-nblib\netbeans-eventspy.jar"/>
    <property name="localRepository" value="C:\Users\SNOOKUMS\.m2\repository"/>
    <property name="java.vendor.url.bug" value="https://bugreport.java.com/bugreport/"/>
    <property name="java.io.tmpdir" value="C:\Users\SNOOKUMS\AppData\Local\Temp\"/>
    <property name="java.version" value="17.0.12"/>
    <property name="user.dir" value="C:\Users\SNOOKUMS\Downloads\csule1-fp\csule1-fp"/>
    <property name="os.arch" value="amd64"/>
    <property name="java.vm.specification.name" value="Java Virtual Machine Specification"/>
    <property name="sun.os.patch.level" value=""/>
    <property name="native.encoding" value="Cp1252"/>
    <property name="java.library.path" value="C:\Program Files\Java\jdk-17\bin;C:\Windows\Sun\Java\bin;C:\Windows\system32;C:\Windows;C:\Program Files\Java\jdk-17\bin;C:\Program Files\Common Files\Oracle\Java\javapath;C:\Program Files (x86)\Common Files\Oracle\Java\java8path;C:\Program Files (x86)\Common Files\Oracle\Java\javapath;C:\Python313\Scripts\;C:\Python313\;C:\Windows\system32;C:\Windows;C:\Windows\System32\Wbem;C:\Windows\System32\WindowsPowerShell\v1.0\;C:\Windows\System32\OpenSSH\;C:\Program Files (x86)\Intel\Intel(R) Management Engine Components\DAL;C:\Program Files\Intel\Intel(R) Management Engine Components\DAL;C:\Program Files\nodejs\;C:\ProgramData\chocolatey\bin;C:\Program Files\Git\cmd;C:\Program Files\dotnet\;C:\Program Files\apache-maven-3.9.9\bin\bin;C:\Users\SNOOKUMS\AppData\Local\Microsoft\WindowsApps;C:\Users\SNOOKUMS\AppData\Local\Programs\Microsoft VS Code\bin;C:\Users\SNOOKUMS\AppData\Local\Microsoft\WinGet\Packages\Schniz.fnm_Microsoft.Winget.Source_8wekyb3d8bbwe;C:\Users\SNOOKUMS\AppData\Roaming\npm;C:\Users\SNOOKUMS\AppData\Local\GitHubDesktop\bin;C:\Users\SNOOKUMS\.dotnet\tools;C:\xampp\php;C:\composer;C:\Program Files\7-Zip\;C:\msys64\mingw64\bin;C:\Program Files\Windscribe;C:\Program Files\Microsoft SQL Server\150\Tools\Binn\;C:\Program Files (x86)\Windows Kits\10\Windows Performance Toolkit\;C:\Program Files\MiKTeX\miktex\bin\x64\;C:\Program Files\Common Files\Autodesk Shared\;C:\Program Files\NetBeans-24\netbeans\java\maven\bin;C:\Users\SNOOKUMS\AppData\Roaming\Composer\vendor\bin;."/>
    <property name="java.vm.info" value="mixed mode, sharing"/>
    <property name="java.vendor" value="Oracle Corporation"/>
    <property name="java.vm.version" value="17.0.12+8-LTS-286"/>
    <property name="sun.io.unicode.encoding" value="UnicodeLittle"/>
    <property name="java.class.version" value="61.0"/>
  </properties>
  <testcase name="biDirectionalManytoManyChildCareGiverTest" classname="edu.iit.sat.itmd4515.csule1.ChildJPATest" time="1.088">
    <system-out><![CDATA[[EL Info]: 2025-04-27 02:57:58.351--ServerSession(1647402786)--EclipseLink, version: Eclipse Persistence Services - 4.0.5.v202412231137-a96b873527f305f932543045c8679bb1de8d3a43
Navigating Many to many from the owning side: [Child{id=2, Name=Steve, birthDate=2017-10-14, gender=MALE, mealPreference=STANDARD, medicalRecord=null}]
Navigating Many to many from the inverse side: [CareGiver{id=1, name=Lucas, experienceYears=6, children=[Child{id=2, Name=Steve, birthDate=2017-10-14, gender=MALE, mealPreference=STANDARD, medicalRecord=null}]}]
]]></system-out>
    <system-err><![CDATA[Apr 27, 2025 2:57:58 AM org.hibernate.validator.internal.util.Version <clinit>
INFO: HV000001: Hibernate Validator 8.0.2.Final
]]></system-err>
  </testcase>
  <testcase name="readTest" classname="edu.iit.sat.itmd4515.csule1.ChildJPATest" time="0.195">
    <system-out><![CDATA[Created Child: Child{id=4, Name=Emma, birthDate=2020-08-10, gender=FEMALE, mealPreference=VEGETARIAN, medicalRecord=null}
Child found in DB: Child{id=4, Name=Emma, birthDate=2020-08-10, gender=FEMALE, mealPreference=VEGETARIAN, medicalRecord=null}
Cleanup: Child removed from database.
]]></system-out>
  </testcase>
  <testcase name="updateTest" classname="edu.iit.sat.itmd4515.csule1.ChildJPATest" time="0.309">
    <system-out><![CDATA[***** Before update: ****** Child{id=6, Name=Brian, birthDate=2021-12-16, gender=MALE, mealPreference=LACTOSE_FREE, medicalRecord=null}
***** After update: ****** Child{id=6, Name=Brian Updated, birthDate=2021-12-16, gender=MALE, mealPreference=VEGAN, medicalRecord=null}
]]></system-out>
  </testcase>
  <testcase name="uniDirectOnetoOneChildMedRecordTest" classname="edu.iit.sat.itmd4515.csule1.ChildJPATest" time="0.252"/>
  <testcase name="createTest" classname="edu.iit.sat.itmd4515.csule1.ChildJPATest" time="0.295"/>
  <testcase name="deleteTest" classname="edu.iit.sat.itmd4515.csule1.ChildJPATest" time="0.213">
    <system-out><![CDATA[Created Child for Deletion: Child{id=12, Name=Dakota, birthDate=2019-03-25, gender=FEMALE, mealPreference=VEGAN, medicalRecord=null}
Found Child Before Deletion: Child{id=12, Name=Dakota, birthDate=2019-03-25, gender=FEMALE, mealPreference=VEGAN, medicalRecord=null}
Child Deleted: 12
]]></system-out>
  </testcase>
</testsuite>